ITEM: TIMESTEP
30000
ITEM: NUMBER OF ATOMS
2000
ITEM: BOX BOUNDS xy xz yz pp pp pp
3.2830014349635929e-02 2.8162800781744323e+01 -3.6761501329336359e-03
2.5372575724550955e-02 2.8150492793677472e+01 -6.9305377346699022e-04
7.9949104146439964e-02 2.8120050895853950e+01 -2.4134630598059786e-02
ITEM: ATOMS id f_avePos[1] f_avePos[2] f_avePos[3]
1  2.77123e-07  -2.54947e-05  1.78137e-05  
2  0.0374988  0.0375018  0.0374964  
3  4.80376e-06  -1.15434e-05  0.0750098  
4  0.0374964  0.0374779  0.112491  
5  -1.37819e-05  -1.22589e-05  0.150011  
6  0.0375007  0.0374919  0.187495  
7  1.68952e-05  -3.25392e-05  0.225012  
8  0.0375053  0.0375325  0.262494  
9  1.98643e-05  1.55558e-05  0.300005  
10  0.037485  0.0375296  0.33749  
11  -1.23091e-05  -6.42219e-06  0.375001  
12  0.0374943  0.0374905  0.412472  
13  -1.0693e-05  3.41005e-06  0.449991  
14  0.0374994  0.0374636  0.487475  
15  5.59355e-06  -8.67888e-06  0.524981  
16  0.0374788  0.0374773  0.562485  
17  -2.50508e-06  -2.71952e-05  0.599992  
18  0.0375253  0.0374939  0.637506  
19  3.86364e-05  1.75202e-05  0.674984  
20  0.0375267  0.0374753  0.712494  
21  -1.26106e-05  0.0749647  -7.86038e-06  
22  0.0374767  0.112491  0.0374606  
23  -7.1453e-06  0.074984  0.0749689  
24  0.0374817  0.112479  0.112487  
25  3.71351e-05  0.0749814  0.149992  
26  0.0374909  0.112515  0.187494  
27  5.37547e-07  0.0749964  0.225004  
28  0.0374866  0.112497  0.262483  
29  -3.7518e-05  0.0750061  0.299963  
30  0.0374942  0.112475  0.337486  
31  -2.04419e-05  0.0749792  0.375005  
32  0.0375188  0.112521  0.412463  
33  -2.09923e-05  0.0749912  0.449981  
34  0.0375182  0.112519  0.487514  
35  1.6602e-05  0.0750074  0.524976  
36  0.0374997  0.112525  0.562472  
37  1.26077e-05  0.0750242  0.600001  
38  0.0375454  0.112512  0.637504  
39  8.30963e-06  0.0749869  0.67499  
40  0.0374691  0.112482  0.712522  
41  -1.12517e-05  0.150002  -1.60489e-05  
42  0.0374708  0.187494  0.0374809  
43  5.66698e-06  0.149981  0.074997  
44  0.0374943  0.187487  0.112505  
45  -1.9792e-05  0.149979  0.149989  
46  0.0374912  0.187485  0.187497  
47  -3.33839e-05  0.150002  0.224996  
48  0.0375153  0.187495  0.262522  
49  -2.3865e-05  0.150013  0.299992  
50  0.0375  0.187506  0.337505  
51  -2.23897e-05  0.149987  0.374992  
52  0.037476  0.187479  0.412497  
53  -2.39432e-06  0.150009  0.450004  
54  0.0375245  0.187548  0.487542  
55  2.85502e-05  0.150029  0.525012  
56  0.0375419  0.187527  0.56251  
57  6.78765e-07  0.150022  0.599994  
58  0.0375102  0.187496  0.637511  
59  2.08075e-07  0.150012  0.674993  
60  0.0374832  0.187495  0.712517  
61  -2.36444e-05  0.224998  -3.9067e-06  
62  0.0374779  0.262496  0.0375311  
63  -1.41369e-05  0.224986  0.0750075  
64  0.0374922  0.262507  0.112493  
65  4.15893e-05  0.224981  0.150018  
66  0.0375001  0.262524  0.18749  
67  1.03195e-05  0.225013  0.224989  
68  0.0375074  0.262514  0.262508  
69  -2.418e-05  0.225014  0.299998  
70  0.0374793  0.262496  0.337504  
71  3.86414e-05  0.224981  0.374993  
72  0.0374935  0.26247  0.412495  
73  1.16074e-06  0.225006  0.45  
74  0.037527  0.262501  0.487506  
75  1.99064e-05  0.225012  0.525023  
76  0.037512  0.262494  0.562525  
77  -6.43783e-06  0.22502  0.600012  
78  0.0375032  0.262504  0.637508  
79  -2.437e-05  0.224995  0.674987  
80  0.0374965  0.262485  0.712478  
81  -1.63019e-05  0.299975  -7.5277e-06  
82  0.0374832  0.337483  0.0374736  
83  -1.16461e-05  0.300015  0.0750046  
84  0.0374938  0.33751  0.112519  
85  -2.17105e-06  0.299989  0.149972  
86  0.0374974  0.337509  0.187484  
87  -2.03349e-05  0.299999  0.224982  
88  0.0375135  0.337508  0.26251  
89  -1.31936e-05  0.29997  0.300005  
90  0.0375252  0.337506  0.337494  
91  4.37384e-06  0.300021  0.374997  
92  0.0375279  0.337492  0.412461  
93  -5.28542e-06  0.299996  0.449991  
94  0.0375048  0.337519  0.487477  
95  1.9867e-05  0.299991  0.525002  
96  0.0375055  0.337514  0.562541  
97  1.25694e-05  0.299991  0.600008  
98  0.0375019  0.337506  0.637489  
99  3.47577e-06  0.300011  0.675008  
100  0.0374943  0.337455  0.712517  
101  -1.99403e-06  0.375003  -9.20302e-06  
102  0.0375221  0.41248  0.0374866  
103  4.96435e-06  0.374977  0.0750292  
104  0.0375189  0.412535  0.112522  
105  1.16998e-06  0.374998  0.150008  
106  0.0374918  0.412513  0.187487  
107  4.16142e-05  0.374988  0.225029  
108  0.0375153  0.412511  0.262493  
109  5.4783e-06  0.374984  0.299994  
110  0.0375005  0.412471  0.337444  
111  2.06743e-05  0.375004  0.374997  
112  0.0375026  0.412516  0.412474  
113  3.34574e-05  0.375004  0.449979  
114  0.0374814  0.412477  0.487499  
115  6.33261e-06  0.374994  0.524992  
116  0.0375088  0.412518  0.562488  
117  1.0609e-05  0.374995  0.600004  
118  0.0374833  0.412497  0.637517  
119  8.1016e-06  0.374996  0.675016  
120  0.0375157  0.412504  0.712522  
121  1.7353e-05  0.449971  8.67217e-06  
122  0.0374845  0.487501  0.0375003  
123  2.73514e-05  0.449999  0.0750021  
124  0.0375304  0.487471  0.112535  
125  -5.92562e-06  0.449998  0.15002  
126  0.0375413  0.487488  0.187528  
127  1.5563e-06  0.449987  0.22504  
128  0.0375094  0.487498  0.262505  
129  1.63812e-05  0.450009  0.300004  
130  0.037552  0.487485  0.337546  
131  9.2436e-06  0.449967  0.374972  
132  0.0375291  0.487436  0.412453  
133  5.22857e-06  0.449992  0.449976  
134  0.0374938  0.487492  0.487446  
135  2.48767e-06  0.450011  0.524977  
136  0.0375208  0.487525  0.562505  
137  -2.05527e-05  0.450019  0.599984  
138  0.0375328  0.487487  0.637555  
139  1.37247e-06  0.449969  0.675001  
140  0.0374722  0.487489  0.71249  
141  -6.54297e-06  0.524984  5.69324e-05  
142  0.0374706  0.562499  0.0375082  
143  -7.0626e-06  0.524992  0.0750273  
144  0.0375051  0.562486  0.112529  
145  3.59158e-05  0.52495  0.15003  
146  0.0375328  0.562463  0.187519  
147  2.55454e-05  0.524966  0.225032  
148  0.0375183  0.562493  0.262518  
149  4.49123e-05  0.524978  0.30005  
150  0.037517  0.562509  0.337522  
151  3.19983e-05  0.525004  0.375026  
152  0.0375101  0.562495  0.412538  
153  5.33735e-06  0.524993  0.449959  
154  0.0375053  0.562487  0.487458  
155  3.50688e-05  0.525009  0.524956  
156  0.0375231  0.562474  0.562473  
157  7.60665e-06  0.52499  0.599996  
158  0.0374971  0.562472  0.637524  
159  -2.18603e-05  0.524975  0.674999  
160  0.0374449  0.562474  0.712498  
161  1.0302e-05  0.600015  -2.41301e-05  
162  0.0374813  0.637473  0.0374921  
163  1.29105e-06  0.600006  0.075022  
164  0.0375196  0.637491  0.112529  
165  6.348e-07  0.599948  0.15002  
166  0.0374795  0.637497  0.187493  
167  1.79877e-05  0.599996  0.225  
168  0.0375062  0.637506  0.262537  
169  2.08293e-06  0.599986  0.300025  
170  0.0375045  0.637501  0.337477  
171  1.07283e-05  0.600009  0.375014  
172  0.0374945  0.637517  0.412533  
173  -1.76515e-05  0.599976  0.449983  
174  0.03749  0.637478  0.487466  
175  2.1511e-05  0.600013  0.525007  
176  0.0375229  0.637507  0.562475  
177  3.97148e-06  0.599985  0.599997  
178  0.0375009  0.637497  0.637503  
179  -1.59349e-05  0.599981  0.674994  
180  0.0375079  0.637462  0.712499  
181  1.92469e-05  0.675009  -2.42311e-05  
182  0.0375286  0.712485  0.0374758  
183  1.83219e-06  0.674975  0.0749928  
184  0.0374963  0.712475  0.11249  
185  1.67941e-05  0.674987  0.149993  
186  0.037488  0.712492  0.187506  
187  1.68929e-05  0.675003  0.225047  
188  0.0375196  0.712499  0.262524  
189  1.85107e-05  0.675004  0.300034  
190  0.0374687  0.712514  0.337512  
191  -7.96593e-06  0.675006  0.374999  
192  0.0374706  0.71249  0.412486  
193  3.08851e-06  0.675011  0.449964  
194  0.0375328  0.712504  0.48744  
195  -1.20785e-06  0.675011  0.524964  
196  0.0374876  0.712489  0.562472  
197  -2.52985e-05  0.674987  0.599958  
198  0.0375115  0.712472  0.637521  
199  4.63046e-06  0.674986  0.675017  
200  0.0375355  0.712493  0.712483  
201  0.0749907  -1.14265e-05  -1.04591e-05  
202  0.112453  0.0374912  0.0374784  
203  0.0749911  -6.51069e-06  0.0749967  
204  0.112489  0.0375156  0.112487  
205  0.0749848  1.2032e-05  0.149997  
206  0.112506  0.0374934  0.18752  
207  0.0749887  -3.10505e-06  0.225031  
208  0.112476  0.0374966  0.262486  
209  0.0749978  -1.35677e-05  0.300013  
210  0.112483  0.0375007  0.33751  
211  0.0749831  -2.91041e-05  0.374983  
212  0.112509  0.0374638  0.412463  
213  0.0749959  -2.03688e-05  0.44997  
214  0.112465  0.0374542  0.487495  
215  0.0750177  -2.78843e-05  0.525015  
216  0.112529  0.037502  0.562493  
217  0.0749942  -1.14462e-05  0.599971  
218  0.112462  0.0375108  0.637482  
219  0.0750435  -1.6525e-07  0.67497  
220  0.112507  0.037512  0.712533  
221  0.0749894  0.0750037  -4.6075e-06  
222  0.112494  0.112539  0.0375179  
223  0.0749863  0.075018  0.0749863  
224  0.1125  0.112514  0.112482  
225  0.0750008  0.0750099  0.149993  
226  0.112536  0.112509  0.187502  
227  0.0750045  0.0750155  0.224959  
228  0.11249  0.112505  0.262491  
229  0.0749884  0.0749914  0.29998  
230  0.112458  0.112521  0.337487  
231  0.0749768  0.0749993  0.374987  
232  0.112462  0.112489  0.412478  
233  0.0749989  0.0749763  0.449981  
234  0.1125  0.112486  0.487489  
235  0.0749876  0.0749877  0.524992  
236  0.112479  0.112531  0.562497  
237  0.0749947  0.0749863  0.599984  
238  0.112509  0.112502  0.6375  
239  0.0750099  0.0750045  0.675037  
240  0.112478  0.112516  0.712498  
241  0.0750065  0.150015  1.201e-05  
242  0.112492  0.187546  0.0374869  
243  0.0749922  0.150012  0.0749816  
244  0.112485  0.187517  0.112491  
245  0.0749884  0.149982  0.149981  
246  0.112478  0.187516  0.187528  
247  0.0749687  0.150006  0.225005  
248  0.112477  0.187489  0.262514  
249  0.0749569  0.150004  0.299994  
250  0.112496  0.187526  0.337466  
251  0.0750079  0.150026  0.374972  
252  0.112518  0.187488  0.412512  
253  0.0749789  0.150021  0.450001  
254  0.112514  0.18752  0.487492  
255  0.0750345  0.150033  0.524993  
256  0.112526  0.187504  0.562536  
257  0.0750074  0.150007  0.60001  
258  0.11252  0.187524  0.637502  
259  0.0749828  0.149994  0.675017  
260  0.112463  0.187487  0.712486  
261  0.0749823  0.22501  -5.28292e-07  
262  0.112473  0.262508  0.037498  
263  0.0749582  0.225002  0.0750283  
264  0.112517  0.262522  0.112501  
265  0.0750001  0.225004  0.150003  
266  0.112465  0.262497  0.187543  
267  0.0749823  0.224998  0.224995  
268  0.112501  0.26252  0.262496  
269  0.075006  0.225031  0.300009  
270  0.112526  0.262511  0.337458  
271  0.0750307  0.225014  0.375013  
272  0.112541  0.2625  0.412548  
273  0.0750046  0.224994  0.450007  
274  0.112553  0.2625  0.48749  
275  0.0750487  0.22504  0.525006  
276  0.112527  0.262509  0.562507  
277  0.0749964  0.225005  0.60003  
278  0.112459  0.262491  0.637507  
279  0.0749955  0.224988  0.675009  
280  0.11247  0.262505  0.712501  
281  0.0749751  0.299979  -2.7145e-06  
282  0.112494  0.337497  0.0375394  
283  0.0749939  0.300015  0.0750014  
284  0.112462  0.337523  0.112508  
285  0.0749935  0.299999  0.149995  
286  0.112457  0.337496  0.187505  
287  0.074976  0.300016  0.225009  
288  0.112514  0.337503  0.262508  
289  0.075002  0.299996  0.299995  
290  0.112527  0.337492  0.337474  
291  0.0750372  0.29998  0.375013  
292  0.1125  0.337506  0.412502  
293  0.0749913  0.299994  0.449983  
294  0.112549  0.337487  0.487509  
295  0.0750075  0.30002  0.524998  
296  0.112503  0.337514  0.562512  
297  0.0750041  0.300004  0.599997  
298  0.112486  0.337518  0.637487  
299  0.0750059  0.300022  0.674992  
300  0.112476  0.337503  0.712537  
301  0.0749917  0.374973  2.94289e-05  
302  0.11252  0.412515  0.037498  
303  0.0749785  0.375009  0.0750102  
304  0.112494  0.412551  0.112551  
305  0.0749827  0.374993  0.150004  
306  0.112478  0.412515  0.18749  
307  0.0750222  0.375009  0.225004  
308  0.11251  0.412493  0.262528  
309  0.0750056  0.37498  0.299984  
310  0.112512  0.412479  0.337484  
311  0.0750122  0.375004  0.374977  
312  0.112509  0.412474  0.412481  
313  0.0750118  0.374989  0.449984  
314  0.112514  0.412446  0.487479  
315  0.0750169  0.374966  0.525014  
316  0.112527  0.412497  0.5625  
317  0.0750101  0.375036  0.599996  
318  0.11253  0.412484  0.637535  
319  0.07498  0.374994  0.67503  
320  0.112499  0.412478  0.712511  
321  0.0750045  0.450025  -1.8843e-06  
322  0.112541  0.487491  0.0375357  
323  0.0750072  0.449996  0.0749961  
324  0.112492  0.48751  0.11255  
325  0.0749976  0.449987  0.150031  
326  0.112503  0.487479  0.187492  
327  0.0750062  0.449997  0.225005  
328  0.112485  0.48751  0.262512  
329  0.0750314  0.449986  0.299987  
330  0.11248  0.487498  0.337539  
331  0.0750108  0.449965  0.374985  
332  0.112491  0.48747  0.412507  
333  0.0750023  0.449978  0.45001  
334  0.112487  0.487488  0.487496  
335  0.0750049  0.449982  0.525004  
336  0.112503  0.4875  0.562539  
337  0.0750212  0.449995  0.600038  
338  0.112502  0.487501  0.637531  
339  0.0750123  0.449965  0.675035  
340  0.112546  0.487475  0.712536  
341  0.0749993  0.524999  1.76872e-05  
342  0.11252  0.562518  0.0375096  
343  0.0749972  0.524987  0.0750053  
344  0.112502  0.562508  0.112512  
345  0.0750107  0.525011  0.149982  
346  0.112531  0.562494  0.187487  
347  0.0750215  0.524991  0.224992  
348  0.112499  0.562477  0.262541  
349  0.0749998  0.524988  0.300048  
350  0.112499  0.562486  0.337505  
351  0.0750036  0.525008  0.375027  
352  0.112463  0.562522  0.412527  
353  0.075028  0.524985  0.450005  
354  0.112526  0.562506  0.487525  
355  0.0750243  0.524975  0.524996  
356  0.112494  0.562506  0.562537  
357  0.0750009  0.524979  0.600027  
358  0.112481  0.562479  0.637504  
359  0.075001  0.524989  0.67503  
360  0.112508  0.562462  0.712505  
361  0.0750153  0.599972  -1.70881e-05  
362  0.112512  0.637498  0.037488  
363  0.0749837  0.600001  0.0749753  
364  0.112488  0.637472  0.112483  
365  0.075009  0.599986  0.15001  
366  0.11252  0.637503  0.187499  
367  0.0750052  0.599995  0.225011  
368  0.112516  0.63749  0.262513  
369  0.0750072  0.600004  0.300015  
370  0.112509  0.637495  0.337527  
371  0.0749972  0.600004  0.375013  
372  0.112489  0.637514  0.412485  
373  0.0750203  0.600001  0.449998  
374  0.112504  0.637509  0.487497  
375  0.0750034  0.599995  0.524989  
376  0.112507  0.637514  0.56254  
377  0.0749833  0.600009  0.600005  
378  0.11253  0.637499  0.637512  
379  0.0750264  0.599966  0.675002  
380  0.11251  0.637462  0.712484  
381  0.075013  0.674945  -2.60181e-05  
382  0.112529  0.712494  0.0374818  
383  0.0750142  0.675004  0.0749783  
384  0.11249  0.712531  0.1125  
385  0.0750291  0.674982  0.150004  
386  0.112493  0.712512  0.187481  
387  0.0750143  0.675002  0.224978  
388  0.112538  0.712511  0.262497  
389  0.0750255  0.675017  0.300008  
390  0.11253  0.712515  0.337488  
391  0.0749756  0.674997  0.374997  
392  0.112537  0.712487  0.41252  
393  0.0750255  0.675018  0.450009  
394  0.112512  0.712486  0.487519  
395  0.0749824  0.674978  0.524985  
396  0.112495  0.712484  0.562509  
397  0.0749925  0.674998  0.600008  
398  0.112476  0.712466  0.6375  
399  0.0750101  0.67496  0.675002  
400  0.112502  0.71247  0.712495  
401  0.150011  -2.63941e-05  -3.81081e-05  
402  0.187469  0.0374909  0.037483  
403  0.149976  -2.97081e-06  0.0749936  
404  0.187468  0.0374761  0.112478  
405  0.150006  1.225e-06  0.149996  
406  0.187502  0.0375406  0.187524  
407  0.149994  2.33743e-05  0.224987  
408  0.187502  0.0375244  0.262463  
409  0.150013  1.43304e-05  0.300001  
410  0.187508  0.0374926  0.337483  
411  0.150001  2.41669e-05  0.375009  
412  0.187478  0.0374729  0.412516  
413  0.150004  4.65491e-06  0.450013  
414  0.187482  0.0375065  0.487518  
415  0.150015  -1.32754e-05  0.524988  
416  0.187483  0.0375118  0.562485  
417  0.149977  -1.44759e-05  0.600014  
418  0.187478  0.0374929  0.637488  
419  0.149997  -4.06812e-05  0.675027  
420  0.187511  0.0374909  0.712524  
421  0.149976  0.075033  3.48355e-06  
422  0.187485  0.112488  0.0375022  
423  0.149979  0.075011  0.0749755  
424  0.187509  0.112506  0.112467  
425  0.150007  0.0749969  0.149983  
426  0.187474  0.112549  0.18753  
427  0.149989  0.0750122  0.225004  
428  0.18746  0.112508  0.262516  
429  0.14997  0.075001  0.299992  
430  0.187474  0.112514  0.337462  
431  0.150014  0.0749952  0.374955  
432  0.187472  0.11251  0.412478  
433  0.149968  0.07499  0.449994  
434  0.187504  0.112482  0.487529  
435  0.149984  0.0750019  0.524996  
436  0.187492  0.112494  0.562485  
437  0.149974  0.0749985  0.599992  
438  0.18748  0.112501  0.637522  
439  0.149998  0.0749969  0.674994  
440  0.187504  0.11252  0.712492  
441  0.149974  0.150035  -8.51945e-06  
442  0.187478  0.187508  0.0375082  
443  0.149979  0.150013  0.0749827  
444  0.18745  0.18751  0.112495  
445  0.149971  0.15001  0.150002  
446  0.187476  0.187533  0.187469  
447  0.149986  0.150036  0.225003  
448  0.187489  0.187526  0.262468  
449  0.149995  0.150019  0.299995  
450  0.187472  0.187515  0.337474  
451  0.149992  0.149997  0.374988  
452  0.187459  0.187522  0.412519  
453  0.149999  0.149987  0.450013  
454  0.187514  0.187474  0.487525  
455  0.149986  0.150005  0.524997  
456  0.187492  0.187469  0.562515  
457  0.150002  0.149992  0.600025  
458  0.187499  0.187481  0.63754  
459  0.149987  0.149999  0.675003  
460  0.187501  0.187475  0.712518  
461  0.149998  0.22501  -9.91713e-06  
462  0.1875  0.26253  0.0375272  
463  0.149975  0.225025  0.0749872  
464  0.187476  0.26249  0.112508  
465  0.149957  0.225018  0.150025  
466  0.187478  0.262509  0.187513  
467  0.150004  0.225011  0.225023  
468  0.187481  0.2625  0.262486  
469  0.150016  0.225025  0.299994  
470  0.187512  0.262499  0.337481  
471  0.150004  0.225036  0.375001  
472  0.187532  0.262469  0.412527  
473  0.150035  0.225006  0.450017  
474  0.187509  0.262477  0.487513  
475  0.150015  0.225  0.525029  
476  0.1875  0.262492  0.56254  
477  0.150014  0.225006  0.599996  
478  0.187492  0.262498  0.637515  
479  0.150006  0.225011  0.675021  
480  0.187502  0.262496  0.712514  
481  0.149971  0.300023  3.31547e-05  
482  0.187484  0.337488  0.0375082  
483  0.149989  0.300026  0.0750268  
484  0.187493  0.337514  0.112507  
485  0.149987  0.300027  0.150018  
486  0.187486  0.33751  0.187547  
487  0.149982  0.300027  0.225003  
488  0.187482  0.337541  0.262519  
489  0.150019  0.300004  0.299986  
490  0.187491  0.337486  0.337483  
491  0.149995  0.300009  0.375001  
492  0.187477  0.337508  0.412486  
493  0.15004  0.300005  0.449994  
494  0.187507  0.337465  0.48751  
495  0.15001  0.299978  0.525018  
496  0.187485  0.337485  0.562516  
497  0.149984  0.299988  0.600004  
498  0.187496  0.33748  0.637505  
499  0.149974  0.299997  0.67502  
500  0.187484  0.337503  0.712512  
501  0.150003  0.374981  1.35204e-05  
502  0.187491  0.412524  0.0375065  
503  0.149988  0.375032  0.0750435  
504  0.18751  0.4125  0.112534  
505  0.149979  0.375  0.150044  
506  0.187536  0.412464  0.187527  
507  0.149972  0.375005  0.224996  
508  0.187516  0.412524  0.262514  
509  0.150022  0.375027  0.299992  
510  0.187472  0.412513  0.337498  
511  0.150006  0.374986  0.374999  
512  0.187473  0.412494  0.412506  
513  0.150004  0.375001  0.450002  
514  0.187525  0.412507  0.487493  
515  0.150033  0.374991  0.524998  
516  0.187487  0.412504  0.562483  
517  0.150031  0.375007  0.599996  
518  0.187544  0.412504  0.637526  
519  0.149996  0.374984  0.674997  
520  0.187506  0.412471  0.71253  
521  0.15002  0.449987  3.66279e-05  
522  0.187535  0.487512  0.0375103  
523  0.150022  0.450023  0.075026  
524  0.187506  0.487492  0.112543  
525  0.150044  0.44999  0.150031  
526  0.187478  0.487507  0.18756  
527  0.150002  0.449977  0.225026  
528  0.187515  0.487511  0.262506  
529  0.150007  0.450021  0.300044  
530  0.187527  0.487477  0.337529  
531  0.150007  0.450014  0.375008  
532  0.187556  0.48752  0.412474  
533  0.150027  0.450022  0.449986  
534  0.187545  0.487514  0.487509  
535  0.149977  0.450004  0.524979  
536  0.18753  0.487504  0.56248  
537  0.150013  0.450013  0.600013  
538  0.187529  0.487495  0.637502  
539  0.150024  0.449993  0.675017  
540  0.187491  0.487486  0.712538  
541  0.149992  0.524987  4.13237e-05  
542  0.187489  0.56247  0.0374806  
543  0.150019  0.525004  0.075018  
544  0.187539  0.562495  0.11251  
545  0.150028  0.524992  0.150019  
546  0.187525  0.562503  0.187557  
547  0.149997  0.524988  0.225037  
548  0.187515  0.562554  0.26251  
549  0.150025  0.524985  0.300014  
550  0.187537  0.562509  0.337484  
551  0.149995  0.525011  0.375028  
552  0.187525  0.562499  0.41249  
553  0.150019  0.524984  0.449997  
554  0.187515  0.56252  0.487499  
555  0.150002  0.525001  0.525011  
556  0.187494  0.562537  0.562513  
557  0.15002  0.525011  0.6  
558  0.187528  0.562497  0.637483  
559  0.150023  0.524984  0.675012  
560  0.187488  0.562506  0.712507  
561  0.150004  0.600003  -1.34962e-05  
562  0.18754  0.637484  0.0374878  
563  0.150011  0.599994  0.0750043  
564  0.187509  0.637489  0.112499  
565  0.15003  0.600003  0.150012  
566  0.187505  0.637521  0.187521  
567  0.149981  0.600024  0.225018  
568  0.187503  0.637487  0.262499  
569  0.149992  0.6  0.300016  
570  0.187489  0.637521  0.337489  
571  0.149997  0.599984  0.375007  
572  0.187503  0.637526  0.412499  
573  0.15003  0.600005  0.449999  
574  0.187493  0.637522  0.487505  
575  0.149987  0.600007  0.525002  
576  0.187515  0.637491  0.562509  
577  0.150001  0.600029  0.60001  
578  0.187557  0.637537  0.637508  
579  0.150005  0.599977  0.674982  
580  0.187523  0.637486  0.712502  
581  0.15001  0.674961  4.08652e-06  
582  0.187499  0.712538  0.0374879  
583  0.150055  0.674986  0.0750166  
584  0.187512  0.712514  0.112498  
585  0.149993  0.675018  0.150002  
586  0.187514  0.712545  0.187538  
587  0.150006  0.675029  0.224996  
588  0.187505  0.712507  0.262474  
589  0.150012  0.675003  0.300007  
590  0.187474  0.712522  0.337522  
591  0.149983  0.674987  0.374997  
592  0.187473  0.712508  0.412468  
593  0.150014  0.674984  0.449993  
594  0.187502  0.712498  0.487475  
595  0.150023  0.675012  0.525025  
596  0.187511  0.712492  0.562528  
597  0.150011  0.675021  0.600009  
598  0.187534  0.712484  0.637504  
599  0.150015  0.67498  0.674997  
600  0.187535  0.712432  0.712501  
601  0.225014  -6.37238e-06  -1.20338e-05  
602  0.262509  0.0375201  0.0375119  
603  0.224992  1.04758e-05  0.0749964  
604  0.262484  0.0375317  0.112502  
605  0.225  2.90253e-05  0.150013  
606  0.262479  0.0375043  0.187525  
607  0.225003  1.57292e-05  0.225035  
608  0.262485  0.0374838  0.262512  
609  0.225005  1.0691e-06  0.299994  
610  0.262479  0.0375317  0.337477  
611  0.225014  1.90991e-05  0.375007  
612  0.262489  0.0375182  0.412528  
613  0.22499  1.75175e-05  0.450012  
614  0.262511  0.0375003  0.487484  
615  0.224996  7.6901e-06  0.524998  
616  0.262479  0.0375154  0.562506  
617  0.22498  2.31276e-05  0.599988  
618  0.262462  0.0375254  0.637497  
619  0.224983  -1.83906e-05  0.674994  
620  0.2625  0.037504  0.712453  
621  0.225004  0.0750089  -1.44292e-05  
622  0.262505  0.112492  0.0374993  
623  0.224989  0.0749817  0.0750206  
624  0.262485  0.11251  0.112499  
625  0.224974  0.0750197  0.150019  
626  0.262502  0.112504  0.187535  
627  0.225005  0.075044  0.225009  
628  0.262501  0.112546  0.262474  
629  0.224989  0.075038  0.29997  
630  0.262483  0.112515  0.337477  
631  0.224985  0.0750084  0.374984  
632  0.26248  0.112505  0.412499  
633  0.224968  0.0750089  0.450002  
634  0.262502  0.112494  0.487483  
635  0.22503  0.0750205  0.52501  
636  0.262502  0.112495  0.562499  
637  0.224968  0.07501  0.6  
638  0.262479  0.112462  0.637491  
639  0.224963  0.0750097  0.675015  
640  0.262486  0.112502  0.712497  
641  0.224987  0.149981  1.6783e-05  
642  0.262507  0.187455  0.0375077  
643  0.224997  0.149994  0.0749868  
644  0.262493  0.187517  0.112487  
645  0.224998  0.150005  0.149998  
646  0.262537  0.187508  0.187503  
647  0.224988  0.150029  0.224986  
648  0.262521  0.187517  0.262465  
649  0.224995  0.150024  0.299979  
650  0.262491  0.187514  0.337483  
651  0.224975  0.150014  0.37499  
652  0.262516  0.187487  0.412501  
653  0.224956  0.149983  0.449991  
654  0.262514  0.187475  0.487502  
655  0.224997  0.15  0.524997  
656  0.262473  0.18748  0.562485  
657  0.224984  0.149991  0.599997  
658  0.262495  0.187452  0.637498  
659  0.224983  0.149979  0.674991  
660  0.262505  0.187478  0.712492  
661  0.225001  0.224982  1.11337e-05  
662  0.262521  0.262508  0.0374979  
663  0.224978  0.225002  0.074979  
664  0.262528  0.26248  0.112477  
665  0.224982  0.224977  0.149978  
666  0.262523  0.262485  0.187463  
667  0.224994  0.225031  0.224986  
668  0.26253  0.2625  0.262472  
669  0.224992  0.224998  0.299961  
670  0.262476  0.262484  0.337479  
671  0.22501  0.224986  0.375004  
672  0.262488  0.262541  0.412491  
673  0.225028  0.224988  0.450008  
674  0.26253  0.262485  0.487514  
675  0.224985  0.224974  0.52502  
676  0.262484  0.262505  0.562517  
677  0.225  0.224965  0.600002  
678  0.262489  0.26251  0.637513  
679  0.225003  0.224968  0.675013  
680  0.262491  0.262473  0.712498  
681  0.225011  0.299997  2.64506e-05  
682  0.262518  0.337517  0.0375035  
683  0.225013  0.300025  0.0750234  
684  0.262503  0.337504  0.112549  
685  0.224994  0.299976  0.150004  
686  0.262513  0.337521  0.187513  
687  0.225004  0.300013  0.225002  
688  0.2625  0.337512  0.26251  
689  0.225032  0.300012  0.299994  
690  0.262514  0.337481  0.337517  
691  0.22499  0.299989  0.37499  
692  0.262485  0.337499  0.412462  
693  0.224997  0.299988  0.45001  
694  0.26246  0.337468  0.487529  
695  0.22501  0.299967  0.525005  
696  0.262507  0.337475  0.562531  
697  0.22498  0.299995  0.600005  
698  0.262519  0.337434  0.637532  
699  0.224979  0.299978  0.675044  
700  0.262514  0.337488  0.71251  
701  0.224987  0.37499  2.74339e-05  
702  0.262494  0.4125  0.0375327  
703  0.224984  0.375004  0.0750107  
704  0.262507  0.412511  0.112522  
705  0.224983  0.374967  0.150005  
706  0.26248  0.412521  0.187531  
707  0.225024  0.375008  0.225044  
708  0.262514  0.412526  0.262509  
709  0.224991  0.374991  0.300017  
710  0.262491  0.412501  0.337504  
711  0.224966  0.375005  0.37498  
712  0.262485  0.412466  0.412459  
713  0.224993  0.375004  0.450006  
714  0.262551  0.412475  0.487544  
715  0.224977  0.374993  0.525015  
716  0.262514  0.412497  0.562495  
717  0.224999  0.374986  0.600015  
718  0.262532  0.412494  0.637481  
719  0.225024  0.374964  0.675018  
720  0.262512  0.412482  0.712534  
721  0.225031  0.449987  4.42183e-06  
722  0.262505  0.487487  0.0375198  
723  0.225032  0.450001  0.0750505  
724  0.262513  0.487517  0.112569  
725  0.225007  0.450015  0.150041  
726  0.262502  0.487557  0.18754  
727  0.22501  0.45001  0.225007  
728  0.262499  0.487505  0.262515  
729  0.22501  0.449989  0.300009  
730  0.262467  0.487506  0.337519  
731  0.224978  0.449997  0.375024  
732  0.26251  0.487526  0.412499  
733  0.225027  0.449983  0.449994  
734  0.262511  0.487495  0.487521  
735  0.225018  0.449972  0.525008  
736  0.262497  0.487491  0.562485  
737  0.225012  0.450001  0.599998  
738  0.262549  0.487483  0.637524  
739  0.225012  0.449988  0.675016  
740  0.2625  0.48749  0.712502  
741  0.224998  0.524985  -1.78465e-06  
742  0.262496  0.562504  0.0374974  
743  0.225021  0.525004  0.0750165  
744  0.262501  0.562508  0.112519  
745  0.224988  0.524996  0.150036  
746  0.262518  0.562496  0.187528  
747  0.224981  0.525  0.225026  
748  0.262494  0.562544  0.262489  
749  0.225013  0.525  0.29999  
750  0.262484  0.562504  0.337505  
751  0.225021  0.525026  0.374984  
752  0.262517  0.562469  0.412493  
753  0.22501  0.525006  0.450008  
754  0.262492  0.562464  0.487513  
755  0.224983  0.525006  0.525009  
756  0.262451  0.56251  0.562521  
757  0.225008  0.525004  0.600012  
758  0.262509  0.562508  0.637514  
759  0.225014  0.524989  0.675009  
760  0.262518  0.562477  0.712516  
761  0.225  0.59996  9.16381e-06  
762  0.262521  0.637513  0.0375123  
763  0.225  0.599992  0.0749824  
764  0.26254  0.637534  0.11252  
765  0.225015  0.60002  0.150003  
766  0.262505  0.637529  0.187513  
767  0.225022  0.600013  0.22501  
768  0.262522  0.637518  0.262509  
769  0.225004  0.600025  0.299999  
770  0.262457  0.6375  0.337476  
771  0.225  0.600046  0.374997  
772  0.262485  0.637516  0.412523  
773  0.225005  0.599995  0.449992  
774  0.262481  0.637485  0.487469  
775  0.225018  0.599998  0.525001  
776  0.262488  0.637533  0.562548  
777  0.225018  0.599994  0.600022  
778  0.26247  0.637521  0.637513  
779  0.225022  0.599996  0.675033  
780  0.262515  0.637483  0.712552  
781  0.224997  0.674998  2.47009e-05  
782  0.262509  0.712465  0.0375117  
783  0.225002  0.675025  0.0749897  
784  0.262474  0.712503  0.112539  
785  0.22497  0.675007  0.150007  
786  0.262472  0.712509  0.187535  
787  0.225012  0.675003  0.225025  
788  0.262527  0.712522  0.262524  
789  0.225002  0.675032  0.300014  
790  0.262491  0.712546  0.337504  
791  0.225025  0.675013  0.374987  
792  0.262509  0.712521  0.41253  
793  0.224978  0.675014  0.449985  
794  0.262492  0.712514  0.487507  
795  0.225008  0.674988  0.525008  
796  0.262479  0.712497  0.562497  
797  0.224994  0.675033  0.599995  
798  0.262477  0.712488  0.637519  
799  0.225029  0.674993  0.675031  
800  0.262513  0.712456  0.712515  
801  0.299992  6.1553e-06  -4.97041e-06  
802  0.337501  0.037576  0.0374411  
803  0.299994  1.31962e-06  0.0750007  
804  0.337466  0.037531  0.112468  
805  0.300003  1.68906e-05  0.150006  
806  0.3375  0.0374939  0.187509  
807  0.299981  3.29777e-06  0.225009  
808  0.337544  0.0374808  0.262489  
809  0.300027  1.17628e-05  0.300023  
810  0.337506  0.0374808  0.337504  
811  0.299991  -2.65086e-06  0.374989  
812  0.337491  0.0375233  0.412475  
813  0.300001  3.38565e-06  0.449991  
814  0.337454  0.0375075  0.487505  
815  0.300021  8.15997e-06  0.525034  
816  0.337507  0.0374723  0.562555  
817  0.299976  -1.66173e-06  0.600025  
818  0.33748  0.03752  0.63749  
819  0.300005  -2.16255e-06  0.674971  
820  0.337487  0.0375243  0.712453  
821  0.299986  0.0749953  -1.92783e-05  
822  0.337475  0.112505  0.0374488  
823  0.29998  0.0749993  0.0749889  
824  0.337457  0.112503  0.112463  
825  0.300004  0.0750008  0.150021  
826  0.3375  0.112513  0.187531  
827  0.300024  0.0749845  0.225025  
828  0.337514  0.1125  0.262523  
829  0.300011  0.0750074  0.299963  
830  0.337494  0.112524  0.337526  
831  0.299986  0.0750053  0.374979  
832  0.33747  0.11253  0.412501  
833  0.299998  0.0750088  0.450001  
834  0.337478  0.112536  0.487479  
835  0.300019  0.075  0.524996  
836  0.337513  0.112528  0.562488  
837  0.300001  0.0749994  0.599965  
838  0.33745  0.112508  0.637472  
839  0.29996  0.0749924  0.675001  
840  0.337481  0.112515  0.712449  
841  0.299963  0.150001  -1.18229e-05  
842  0.337448  0.187498  0.0374741  
843  0.300009  0.149988  0.0749918  
844  0.337458  0.187501  0.112516  
845  0.29998  0.149971  0.149995  
846  0.337477  0.187523  0.187474  
847  0.300016  0.149983  0.224985  
848  0.337466  0.187521  0.262452  
849  0.300001  0.150004  0.299998  
850  0.337526  0.18752  0.337477  
851  0.300003  0.150026  0.374968  
852  0.337507  0.187514  0.412495  
853  0.29999  0.150016  0.449979  
854  0.337477  0.187537  0.487508  
855  0.299997  0.14999  0.524989  
856  0.337521  0.187496  0.562468  
857  0.300013  0.150006  0.599973  
858  0.337493  0.187504  0.637463  
859  0.299997  0.149986  0.674975  
860  0.337508  0.187494  0.712512  
861  0.300004  0.225  -5.81835e-06  
862  0.337507  0.262526  0.0374756  
863  0.299983  0.224988  0.0749753  
864  0.337466  0.262477  0.112498  
865  0.29999  0.225002  0.149972  
866  0.337466  0.26246  0.187487  
867  0.299986  0.224997  0.224982  
868  0.337474  0.262508  0.262488  
869  0.299986  0.225015  0.29998  
870  0.337512  0.262493  0.337469  
871  0.299982  0.224996  0.374984  
872  0.337526  0.262481  0.412463  
873  0.299997  0.225023  0.449993  
874  0.337523  0.262512  0.487514  
875  0.299994  0.225015  0.525003  
876  0.33755  0.262526  0.562501  
877  0.299991  0.225011  0.599985  
878  0.337514  0.262502  0.637486  
879  0.299993  0.224985  0.674997  
880  0.337508  0.262518  0.712487  
881  0.300006  0.299988  -1.91831e-05  
882  0.337467  0.337511  0.0374945  
883  0.300016  0.300015  0.0750126  
884  0.337478  0.337498  0.112506  
885  0.299994  0.3  0.150017  
886  0.337481  0.337537  0.187501  
887  0.299998  0.300007  0.225009  
888  0.337488  0.337517  0.262505  
889  0.299995  0.300017  0.299988  
890  0.337478  0.337514  0.337512  
891  0.300015  0.299974  0.374984  
892  0.337487  0.337495  0.412512  
893  0.299993  0.299994  0.449992  
894  0.33748  0.337487  0.487482  
895  0.300015  0.29997  0.525022  
896  0.337492  0.337522  0.562469  
897  0.300011  0.299991  0.600016  
898  0.337529  0.337517  0.637463  
899  0.300037  0.29999  0.674994  
900  0.337556  0.337485  0.712476  
901  0.30002  0.37498  -1.02699e-05  
902  0.337507  0.412485  0.0374914  
903  0.299979  0.375002  0.0750074  
904  0.3375  0.412454  0.112499  
905  0.299973  0.375028  0.150012  
906  0.337512  0.412517  0.187526  
907  0.299996  0.375008  0.225017  
908  0.337518  0.412477  0.26251  
909  0.299967  0.374995  0.30001  
910  0.337493  0.412507  0.337474  
911  0.30001  0.375007  0.374995  
912  0.337528  0.412516  0.412504  
913  0.299961  0.374993  0.449998  
914  0.337496  0.412444  0.487527  
915  0.299981  0.374974  0.525005  
916  0.337555  0.412488  0.562496  
917  0.3  0.374982  0.6  
918  0.337526  0.412506  0.637479  
919  0.300006  0.374987  0.674998  
920  0.337513  0.41247  0.712481  
921  0.300019  0.449982  1.45036e-05  
922  0.337506  0.487472  0.0375124  
923  0.300015  0.449999  0.0750347  
924  0.337473  0.487508  0.112517  
925  0.300003  0.450001  0.150039  
926  0.33748  0.48752  0.187547  
927  0.299997  0.450015  0.22502  
928  0.337504  0.487474  0.262506  
929  0.3  0.450009  0.300013  
930  0.337522  0.487498  0.337533  
931  0.300011  0.449983  0.374987  
932  0.33752  0.487478  0.412513  
933  0.299992  0.449968  0.449995  
934  0.337516  0.487467  0.487491  
935  0.300033  0.450004  0.525013  
936  0.337509  0.487515  0.5625  
937  0.30003  0.449988  0.599979  
938  0.33752  0.487486  0.637515  
939  0.300017  0.449973  0.675019  
940  0.337514  0.487479  0.712513  
941  0.29999  0.524978  1.2307e-05  
942  0.337479  0.562491  0.0374867  
943  0.299968  0.525019  0.0749936  
944  0.337473  0.562467  0.112545  
945  0.299991  0.524981  0.150048  
946  0.337492  0.562498  0.187501  
947  0.300017  0.525018  0.225053  
948  0.337518  0.562525  0.262501  
949  0.300004  0.524981  0.300011  
950  0.337497  0.562501  0.337508  
951  0.300023  0.525017  0.375011  
952  0.337505  0.562499  0.412542  
953  0.300018  0.524959  0.450014  
954  0.337511  0.562517  0.487503  
955  0.300012  0.525011  0.525013  
956  0.337532  0.562526  0.56249  
957  0.300019  0.52503  0.599986  
958  0.33749  0.562534  0.637529  
959  0.300036  0.524992  0.675013  
960  0.337511  0.562509  0.712546  
961  0.300006  0.600003  1.31043e-05  
962  0.337492  0.63753  0.0375104  
963  0.300024  0.600021  0.0749925  
964  0.337478  0.637519  0.112514  
965  0.300001  0.600009  0.150006  
966  0.337507  0.637483  0.18753  
967  0.299995  0.600029  0.225019  
968  0.337506  0.637484  0.26251  
969  0.300007  0.599997  0.300019  
970  0.337489  0.637515  0.337486  
971  0.299999  0.600012  0.374999  
972  0.33751  0.6375  0.412502  
973  0.299996  0.599989  0.450004  
974  0.337507  0.637467  0.48749  
975  0.299966  0.59999  0.525001  
976  0.337474  0.637495  0.562512  
977  0.300003  0.600001  0.600024  
978  0.337475  0.637495  0.637547  
979  0.300005  0.599998  0.675037  
980  0.337488  0.637513  0.712528  
981  0.300015  0.674983  1.37765e-05  
982  0.337491  0.712501  0.0374909  
983  0.299997  0.675028  0.0750276  
984  0.33751  0.71251  0.112483  
985  0.300004  0.675029  0.150023  
986  0.33748  0.712475  0.187533  
987  0.300024  0.675008  0.225018  
988  0.337504  0.712539  0.2625  
989  0.299987  0.675019  0.300003  
990  0.337528  0.712502  0.337505  
991  0.299965  0.674981  0.375007  
992  0.337526  0.712522  0.412528  
993  0.300002  0.674998  0.450024  
994  0.337504  0.712514  0.487507  
995  0.299992  0.674984  0.524995  
996  0.337531  0.712498  0.562564  
997  0.300007  0.675016  0.600033  
998  0.337491  0.712482  0.637495  
999  0.300017  0.675001  0.67503  
1000  0.337485  0.712511  0.712514  
1001  0.374964  1.31668e-05  -1.34572e-05  
1002  0.4125  0.0374996  0.0374692  
1003  0.37499  4.52425e-05  0.0749978  
1004  0.412499  0.0375208  0.11252  
1005  0.374949  1.19088e-06  0.14998  
1006  0.412459  0.0375036  0.18747  
1007  0.374992  -5.6429e-06  0.224974  
1008  0.412489  0.0374999  0.262474  
1009  0.375017  -9.03006e-06  0.299999  
1010  0.412526  0.0374984  0.337473  
1011  0.375008  1.61772e-05  0.375001  
1012  0.412502  0.0374843  0.412501  
1013  0.374986  2.05221e-05  0.450013  
1014  0.4125  0.0374787  0.487496  
1015  0.375002  -3.98058e-06  0.525015  
1016  0.412523  0.0375007  0.562508  
1017  0.375028  6.03938e-06  0.600017  
1018  0.412511  0.0375015  0.637511  
1019  0.374981  9.01e-08  0.674981  
1020  0.41248  0.0375003  0.71248  
1021  0.375  0.0750306  -3.32632e-05  
1022  0.412467  0.112539  0.0374783  
1023  0.375005  0.0750136  0.0749821  
1024  0.412479  0.112509  0.112512  
1025  0.374964  0.0750286  0.149983  
1026  0.4125  0.112488  0.187482  
1027  0.375005  0.0750073  0.224994  
1028  0.412474  0.112504  0.26253  
1029  0.374984  0.0749959  0.300028  
1030  0.412479  0.112505  0.337497  
1031  0.374988  0.0749899  0.374992  
1032  0.412492  0.112511  0.412479  
1033  0.374979  0.0750191  0.450014  
1034  0.412459  0.112538  0.487494  
1035  0.374999  0.0749636  0.525014  
1036  0.41247  0.112493  0.562475  
1037  0.374969  0.0750022  0.59999  
1038  0.412472  0.112516  0.637505  
1039  0.375003  0.0750191  0.674949  
1040  0.412468  0.112502  0.71245  
1041  0.375002  0.150005  -2.84265e-05  
1042  0.412485  0.187533  0.0375178  
1043  0.374963  0.15  0.0749921  
1044  0.412458  0.187517  0.112466  
1045  0.374977  0.149998  0.149994  
1046  0.412512  0.187518  0.18745  
1047  0.374998  0.150009  0.224979  
1048  0.412467  0.187526  0.262472  
1049  0.37497  0.15002  0.29998  
1050  0.412475  0.187517  0.337476  
1051  0.374988  0.150003  0.375005  
1052  0.412492  0.187497  0.412484  
1053  0.374972  0.15002  0.449987  
1054  0.412483  0.187521  0.48748  
1055  0.374973  0.150029  0.524968  
1056  0.412492  0.187501  0.562496  
1057  0.375004  0.149972  0.599973  
1058  0.412504  0.187504  0.637447  
1059  0.374981  0.150033  0.674965  
1060  0.412494  0.187519  0.712475  
1061  0.374982  0.225004  3.56395e-06  
1062  0.412454  0.262497  0.0374751  
1063  0.374965  0.225018  0.0749866  
1064  0.412499  0.262474  0.112514  
1065  0.375002  0.225009  0.149996  
1066  0.412504  0.262511  0.187491  
1067  0.374984  0.225006  0.22495  
1068  0.412462  0.262501  0.262481  
1069  0.374996  0.224997  0.299982  
1070  0.412514  0.262472  0.337519  
1071  0.375016  0.225001  0.374993  
1072  0.412476  0.262494  0.412497  
1073  0.375004  0.22502  0.45001  
1074  0.412485  0.262544  0.487481  
1075  0.375005  0.225026  0.525008  
1076  0.412533  0.262527  0.562488  
1077  0.374995  0.225017  0.600013  
1078  0.41255  0.262522  0.637463  
1079  0.375012  0.225026  0.674986  
1080  0.412513  0.262473  0.712493  
1081  0.375005  0.300009  -1.79666e-05  
1082  0.412504  0.337508  0.0374875  
1083  0.374983  0.300003  0.0750013  
1084  0.412463  0.337518  0.112498  
1085  0.37498  0.299994  0.149995  
1086  0.412459  0.337534  0.187501  
1087  0.37497  0.300011  0.224958  
1088  0.412462  0.33754  0.262495  
1089  0.374977  0.299988  0.299975  
1090  0.412481  0.337488  0.337509  
1091  0.37499  0.300002  0.374981  
1092  0.412478  0.337514  0.412512  
1093  0.374982  0.300001  0.449972  
1094  0.412469  0.33748  0.487501  
1095  0.375009  0.300014  0.524989  
1096  0.412494  0.337512  0.56246  
1097  0.375014  0.300003  0.599975  
1098  0.412495  0.337513  0.637434  
1099  0.375018  0.299965  0.674949  
1100  0.412488  0.337505  0.712458  
1101  0.37501  0.374991  1.79595e-06  
1102  0.412487  0.412473  0.0374552  
1103  0.374998  0.374997  0.074973  
1104  0.412511  0.412489  0.11251  
1105  0.374992  0.374988  0.149997  
1106  0.412511  0.412492  0.187532  
1107  0.374996  0.375011  0.225013  
1108  0.412508  0.412487  0.262495  
1109  0.375004  0.374999  0.300023  
1110  0.41246  0.412495  0.337507  
1111  0.374978  0.375004  0.374994  
1112  0.412471  0.412468  0.412498  
1113  0.375004  0.374977  0.45002  
1114  0.412484  0.412493  0.487523  
1115  0.374991  0.374981  0.524984  
1116  0.412477  0.412523  0.562487  
1117  0.374995  0.375007  0.599968  
1118  0.412489  0.41248  0.637489  
1119  0.375017  0.374996  0.674978  
1120  0.412478  0.412493  0.712498  
1121  0.374988  0.449986  2.31422e-06  
1122  0.41246  0.487495  0.0375152  
1123  0.374995  0.449975  0.0750362  
1124  0.4125  0.487472  0.112504  
1125  0.374977  0.449983  0.150029  
1126  0.41251  0.487502  0.187515  
1127  0.37503  0.450003  0.225002  
1128  0.412503  0.487532  0.262529  
1129  0.375014  0.450001  0.300012  
1130  0.412529  0.487491  0.337508  
1131  0.375009  0.450032  0.37502  
1132  0.412559  0.487482  0.412523  
1133  0.375009  0.449989  0.450002  
1134  0.412499  0.487479  0.487499  
1135  0.37499  0.450007  0.524985  
1136  0.412522  0.487515  0.562481  
1137  0.375044  0.450026  0.599995  
1138  0.412496  0.48752  0.637511  
1139  0.375004  0.449993  0.674976  
1140  0.41247  0.487453  0.712519  
1141  0.374994  0.524994  -5.99978e-06  
1142  0.412513  0.562474  0.0374808  
1143  0.37497  0.525006  0.0749975  
1144  0.412486  0.56248  0.112513  
1145  0.374998  0.52497  0.15  
1146  0.412504  0.56251  0.18751  
1147  0.37502  0.525001  0.224995  
1148  0.412497  0.562527  0.262492  
1149  0.374997  0.524992  0.300006  
1150  0.412531  0.562494  0.337475  
1151  0.375018  0.524998  0.375023  
1152  0.412522  0.562492  0.412506  
1153  0.37502  0.52499  0.450007  
1154  0.412513  0.562474  0.487521  
1155  0.37499  0.525005  0.525004  
1156  0.41253  0.562505  0.562538  
1157  0.374986  0.525022  0.600004  
1158  0.412486  0.562483  0.637481  
1159  0.374985  0.525015  0.675026  
1160  0.412499  0.562516  0.712494  
1161  0.374992  0.600002  2.64327e-05  
1162  0.412473  0.63755  0.0374867  
1163  0.374983  0.600006  0.0750118  
1164  0.412484  0.637494  0.11253  
1165  0.374982  0.599995  0.150024  
1166  0.412505  0.6375  0.187494  
1167  0.375022  0.600016  0.225004  
1168  0.412513  0.637508  0.26248  
1169  0.375013  0.600021  0.300007  
1170  0.412511  0.637526  0.337514  
1171  0.375007  0.600002  0.374968  
1172  0.412505  0.637497  0.412507  
1173  0.375007  0.599975  0.449973  
1174  0.412484  0.637507  0.487504  
1175  0.375022  0.599992  0.525003  
1176  0.412517  0.637495  0.562507  
1177  0.374994  0.600037  0.600016  
1178  0.412476  0.637501  0.637516  
1179  0.375015  0.600003  0.675013  
1180  0.412479  0.63754  0.712525  
1181  0.375001  0.67503  7.68448e-06  
1182  0.412479  0.71254  0.0375087  
1183  0.37501  0.675023  0.0750214  
1184  0.412497  0.712517  0.112509  
1185  0.374995  0.675  0.150006  
1186  0.412529  0.712511  0.187513  
1187  0.375002  0.67501  0.224998  
1188  0.412486  0.712501  0.262487  
1189  0.375004  0.675017  0.299992  
1190  0.41251  0.712497  0.337523  
1191  0.374983  0.674995  0.375002  
1192  0.412484  0.712524  0.412523  
1193  0.37501  0.675018  0.450022  
1194  0.412518  0.712523  0.487537  
1195  0.37497  0.675005  0.525026  
1196  0.412525  0.712474  0.562529  
1197  0.375028  0.675001  0.600029  
1198  0.412514  0.71248  0.637501  
1199  0.374975  0.675019  0.675005  
1200  0.412481  0.71252  0.71251  
1201  0.450003  1.84944e-05  -1.16596e-05  
1202  0.487479  0.0375229  0.0375168  
1203  0.449978  2.35489e-05  0.0750003  
1204  0.487498  0.0374891  0.112531  
1205  0.450005  1.99901e-05  0.15002  
1206  0.487488  0.037512  0.187492  
1207  0.450003  -1.9304e-06  0.224981  
1208  0.487465  0.0374705  0.262486  
1209  0.449993  -2.65309e-05  0.299959  
1210  0.487476  0.0375007  0.337494  
1211  0.449989  1.02675e-05  0.37498  
1212  0.487475  0.0374606  0.412502  
1213  0.449991  -1.47848e-07  0.450045  
1214  0.487486  0.0375288  0.48745  
1215  0.450008  -7.56282e-06  0.525035  
1216  0.487487  0.0375082  0.562516  
1217  0.450007  1.37448e-05  0.600004  
1218  0.487527  0.037522  0.63749  
1219  0.450014  -1.15414e-05  0.674981  
1220  0.48749  0.0375011  0.712458  
1221  0.449985  0.0749957  -2.04399e-05  
1222  0.487485  0.112507  0.0374972  
1223  0.449987  0.0750097  0.074986  
1224  0.487474  0.112518  0.112488  
1225  0.449986  0.0750135  0.15  
1226  0.487476  0.112495  0.18751  
1227  0.44996  0.0750048  0.225015  
1228  0.487484  0.112484  0.262508  
1229  0.450023  0.0749998  0.3  
1230  0.487496  0.112489  0.33751  
1231  0.449987  0.0749812  0.37501  
1232  0.487456  0.112478  0.412478  
1233  0.449962  0.0749977  0.449999  
1234  0.487463  0.112511  0.487481  
1235  0.449985  0.075005  0.524986  
1236  0.487507  0.112501  0.56249  
1237  0.449987  0.0750021  0.599982  
1238  0.487482  0.112478  0.637469  
1239  0.449983  0.0750008  0.674985  
1240  0.487478  0.11251  0.712512  
1241  0.449968  0.150018  -2.10676e-05  
1242  0.487469  0.187505  0.0375144  
1243  0.449965  0.150015  0.0749947  
1244  0.48748  0.187493  0.112496  
1245  0.449987  0.149991  0.149976  
1246  0.487488  0.187504  0.187475  
1247  0.449971  0.150024  0.224998  
1248  0.487473  0.187524  0.262488  
1249  0.449978  0.150013  0.29999  
1250  0.487512  0.187472  0.337466  
1251  0.449987  0.150006  0.374963  
1252  0.487483  0.187499  0.412494  
1253  0.449977  0.149984  0.449978  
1254  0.487457  0.187533  0.487493  
1255  0.449977  0.150002  0.524977  
1256  0.48747  0.187499  0.562509  
1257  0.449994  0.149998  0.600002  
1258  0.487471  0.18752  0.637491  
1259  0.449983  0.149981  0.674978  
1260  0.487492  0.187487  0.712424  
1261  0.450006  0.225005  -3.95874e-05  
1262  0.48744  0.262482  0.0374783  
1263  0.450009  0.225023  0.0750047  
1264  0.487517  0.262509  0.112491  
1265  0.450015  0.225009  0.149998  
1266  0.487494  0.262504  0.187497  
1267  0.45001  0.225031  0.225006  
1268  0.487511  0.262548  0.262532  
1269  0.450005  0.225025  0.299998  
1270  0.487496  0.262494  0.337523  
1271  0.450001  0.224974  0.37499  
1272  0.487474  0.262489  0.412475  
1273  0.44997  0.225008  0.449986  
1274  0.487493  0.262501  0.487495  
1275  0.44999  0.225011  0.524997  
1276  0.487486  0.26251  0.562498  
1277  0.450006  0.225028  0.599974  
1278  0.487493  0.26253  0.637489  
1279  0.450009  0.225023  0.674956  
1280  0.487495  0.262508  0.712463  
1281  0.449968  0.30001  -3.66882e-05  
1282  0.487501  0.337492  0.0374711  
1283  0.449964  0.300002  0.0750022  
1284  0.487498  0.337493  0.1125  
1285  0.449996  0.300028  0.149995  
1286  0.48748  0.337504  0.187523  
1287  0.449966  0.300033  0.225019  
1288  0.487481  0.337481  0.262503  
1289  0.449947  0.300021  0.299996  
1290  0.487491  0.33751  0.337534  
1291  0.44998  0.3  0.374998  
1292  0.487476  0.33751  0.412484  
1293  0.450001  0.300003  0.449982  
1294  0.487515  0.337508  0.487525  
1295  0.450013  0.300024  0.524979  
1296  0.487495  0.337499  0.562465  
1297  0.44998  0.300025  0.599973  
1298  0.487496  0.337527  0.637448  
1299  0.450005  0.300029  0.674967  
1300  0.487478  0.33751  0.712476  
1301  0.449992  0.374991  -1.62157e-05  
1302  0.4875  0.412494  0.0374953  
1303  0.450009  0.37498  0.075005  
1304  0.487475  0.4125  0.112503  
1305  0.449985  0.374989  0.150016  
1306  0.487465  0.412502  0.187486  
1307  0.450013  0.374984  0.225014  
1308  0.487528  0.412513  0.262503  
1309  0.450018  0.375011  0.300018  
1310  0.48753  0.412512  0.337504  
1311  0.449962  0.375006  0.375003  
1312  0.487526  0.412493  0.412479  
1313  0.450007  0.374978  0.450013  
1314  0.487537  0.412496  0.487474  
1315  0.449977  0.375005  0.524987  
1316  0.487492  0.412469  0.56249  
1317  0.449995  0.375026  0.599954  
1318  0.487494  0.412481  0.637515  
1319  0.450001  0.374987  0.674983  
1320  0.48748  0.412485  0.712476  
1321  0.450007  0.449972  1.89932e-05  
1322  0.487504  0.487471  0.0375349  
1323  0.449972  0.449967  0.0749899  
1324  0.487507  0.487504  0.112494  
1325  0.449992  0.449994  0.150011  
1326  0.487513  0.4875  0.187484  
1327  0.450012  0.450014  0.225015  
1328  0.487505  0.487494  0.262504  
1329  0.449999  0.449979  0.299999  
1330  0.487527  0.487479  0.337505  
1331  0.450017  0.449967  0.375007  
1332  0.487545  0.48746  0.412492  
1333  0.450014  0.449957  0.450008  
1334  0.487543  0.487484  0.487482  
1335  0.450013  0.449993  0.524986  
1336  0.487483  0.48748  0.562475  
1337  0.450008  0.449991  0.600012  
1338  0.48747  0.487498  0.637481  
1339  0.449985  0.449998  0.675023  
1340  0.487507  0.487487  0.712512  
1341  0.450006  0.524975  -1.43559e-05  
1342  0.487509  0.562484  0.0374768  
1343  0.449982  0.524976  0.074987  
1344  0.487477  0.562499  0.112505  
1345  0.449977  0.524992  0.150013  
1346  0.487514  0.562501  0.187475  
1347  0.450012  0.52502  0.225021  
1348  0.487558  0.562533  0.262487  
1349  0.450024  0.525008  0.299993  
1350  0.487526  0.56248  0.337487  
1351  0.449994  0.524961  0.375003  
1352  0.487474  0.562467  0.412482  
1353  0.45004  0.524978  0.449984  
1354  0.48749  0.562488  0.487482  
1355  0.450009  0.524995  0.524974  
1356  0.487492  0.562479  0.562507  
1357  0.450003  0.525002  0.599987  
1358  0.487495  0.562501  0.637517  
1359  0.449999  0.524991  0.675003  
1360  0.487518  0.562501  0.712462  
1361  0.450005  0.600011  3.07323e-06  
1362  0.487495  0.637507  0.0374888  
1363  0.449977  0.600018  0.0749763  
1364  0.487508  0.637509  0.112492  
1365  0.449979  0.600004  0.149992  
1366  0.487497  0.637497  0.1875  
1367  0.450018  0.600002  0.225009  
1368  0.487499  0.637529  0.262511  
1369  0.450027  0.600023  0.300001  
1370  0.48747  0.637487  0.337539  
1371  0.450002  0.599982  0.375014  
1372  0.487515  0.637497  0.412539  
1373  0.450012  0.599994  0.450008  
1374  0.487476  0.63751  0.48748  
1375  0.449991  0.599996  0.525006  
1376  0.487481  0.637477  0.562516  
1377  0.45002  0.599992  0.600023  
1378  0.487532  0.637509  0.637481  
1379  0.449983  0.600024  0.675008  
1380  0.487523  0.63754  0.71249  
1381  0.450023  0.675044  -3.19975e-07  
1382  0.487499  0.712536  0.0375115  
1383  0.449977  0.674998  0.0750121  
1384  0.487475  0.712492  0.11248  
1385  0.450025  0.675008  0.149999  
1386  0.487523  0.712502  0.187495  
1387  0.450023  0.674987  0.224983  
1388  0.487494  0.712447  0.262509  
1389  0.449977  0.674971  0.300008  
1390  0.487467  0.712462  0.337515  
1391  0.449967  0.674991  0.375034  
1392  0.487451  0.712518  0.412533  
1393  0.44997  0.674998  0.450022  
1394  0.48746  0.71249  0.487486  
1395  0.449994  0.674999  0.52501  
1396  0.487503  0.712505  0.562523  
1397  0.45001  0.674992  0.600011  
1398  0.487508  0.712462  0.637492  
1399  0.450002  0.674985  0.675001  
1400  0.487499  0.712525  0.712499  
1401  0.525  2.5249e-05  5.90098e-06  
1402  0.562479  0.0375079  0.0374925  
1403  0.524977  9.76145e-06  0.0750021  
1404  0.562446  0.0375122  0.112476  
1405  0.525012  -4.61285e-06  0.150005  
1406  0.562504  0.0374985  0.187481  
1407  0.524995  -3.42044e-05  0.225012  
1408  0.562473  0.0374897  0.26246  
1409  0.524995  -2.39574e-05  0.299968  
1410  0.562457  0.0374706  0.337454  
1411  0.524989  -2.2867e-05  0.374987  
1412  0.562494  0.0374604  0.412508  
1413  0.524994  -1.66356e-05  0.450013  
1414  0.562497  0.0375108  0.487472  
1415  0.524972  2.69209e-05  0.524983  
1416  0.562529  0.0375025  0.562487  
1417  0.524998  1.66151e-05  0.600002  
1418  0.562486  0.0375084  0.637506  
1419  0.525013  -2.42205e-05  0.674983  
1420  0.562469  0.037506  0.71247  
1421  0.524991  0.0750027  -1.5177e-05  
1422  0.562474  0.112506  0.0375146  
1423  0.524964  0.0749919  0.0749962  
1424  0.56248  0.112485  0.112495  
1425  0.525001  0.0750018  0.150008  
1426  0.562488  0.112486  0.187499  
1427  0.52498  0.0749885  0.224984  
1428  0.562482  0.112475  0.262482  
1429  0.524982  0.074977  0.299995  
1430  0.56246  0.112495  0.337503  
1431  0.524998  0.0749542  0.375003  
1432  0.562519  0.11247  0.412459  
1433  0.524973  0.0749956  0.449971  
1434  0.562467  0.112489  0.487462  
1435  0.524976  0.0749942  0.524973  
1436  0.562493  0.11249  0.562475  
1437  0.525018  0.0749976  0.599973  
1438  0.562507  0.112517  0.637505  
1439  0.524982  0.0750192  0.674993  
1440  0.562478  0.112493  0.712513  
1441  0.524964  0.150023  -4.96085e-06  
1442  0.562499  0.187514  0.0375021  
1443  0.525004  0.149985  0.0749952  
1444  0.56252  0.187484  0.112496  
1445  0.524982  0.149979  0.149995  
1446  0.562495  0.187503  0.187479  
1447  0.524967  0.149995  0.224992  
1448  0.562486  0.187486  0.262495  
1449  0.525  0.149973  0.299957  
1450  0.562499  0.187478  0.337478  
1451  0.524969  0.15  0.375011  
1452  0.562477  0.1875  0.412499  
1453  0.525007  0.149986  0.449977  
1454  0.5625  0.187456  0.487491  
1455  0.524971  0.149999  0.524982  
1456  0.562469  0.187496  0.56248  
1457  0.524999  0.149997  0.60001  
1458  0.562529  0.187489  0.63752  
1459  0.524989  0.149997  0.674977  
1460  0.562485  0.187501  0.712469  
1461  0.52498  0.224986  -1.8578e-05  
1462  0.562504  0.262483  0.037474  
1463  0.525002  0.224994  0.0749835  
1464  0.562499  0.262486  0.112515  
1465  0.52501  0.224971  0.149986  
1466  0.562501  0.26253  0.187502  
1467  0.524992  0.225006  0.225004  
1468  0.56247  0.262549  0.262507  
1469  0.524985  0.224999  0.300002  
1470  0.562451  0.26248  0.337511  
1471  0.524997  0.224984  0.375008  
1472  0.562484  0.262493  0.412525  
1473  0.524991  0.225014  0.450011  
1474  0.562487  0.262504  0.487517  
1475  0.525012  0.225003  0.525006  
1476  0.562484  0.262481  0.562492  
1477  0.525013  0.224995  0.600012  
1478  0.562497  0.262526  0.637497  
1479  0.525014  0.225021  0.674975  
1480  0.56247  0.262532  0.712477  
1481  0.524959  0.299993  -3.34655e-06  
1482  0.562509  0.337506  0.0374935  
1483  0.525013  0.299984  0.0749876  
1484  0.562485  0.337543  0.112476  
1485  0.524988  0.300007  0.150005  
1486  0.562498  0.337517  0.187537  
1487  0.524994  0.299994  0.22501  
1488  0.562509  0.337511  0.262519  
1489  0.524977  0.300024  0.300041  
1490  0.562513  0.337506  0.337522  
1491  0.524995  0.299996  0.375029  
1492  0.562502  0.337516  0.412516  
1493  0.52498  0.300018  0.449995  
1494  0.562472  0.337502  0.487546  
1495  0.524993  0.299979  0.525001  
1496  0.562529  0.337485  0.562503  
1497  0.524983  0.300011  0.599978  
1498  0.562509  0.337491  0.637475  
1499  0.524992  0.300026  0.674987  
1500  0.562469  0.337487  0.712508  
1501  0.524989  0.375007  -1.45413e-05  
1502  0.562511  0.4125  0.0375098  
1503  0.524973  0.375019  0.0749594  
1504  0.562512  0.412492  0.11245  
1505  0.524995  0.375007  0.149996  
1506  0.562481  0.412473  0.18752  
1507  0.524989  0.374991  0.225025  
1508  0.562482  0.412539  0.262522  
1509  0.525  0.374994  0.300013  
1510  0.562503  0.412503  0.337524  
1511  0.525004  0.375002  0.375013  
1512  0.5625  0.412478  0.412482  
1513  0.525016  0.374999  0.450007  
1514  0.562492  0.412512  0.487549  
1515  0.524997  0.374988  0.525014  
1516  0.562503  0.412469  0.562501  
1517  0.525011  0.374997  0.599994  
1518  0.562522  0.41251  0.637476  
1519  0.525016  0.375001  0.674988  
1520  0.562493  0.412484  0.71249  
1521  0.524988  0.44997  -1.38851e-05  
1522  0.562488  0.487483  0.0374901  
1523  0.524997  0.450004  0.0750091  
1524  0.56247  0.487509  0.112519  
1525  0.525011  0.449975  0.149966  
1526  0.562449  0.487496  0.187486  
1527  0.524985  0.450005  0.224997  
1528  0.56248  0.487494  0.262494  
1529  0.525005  0.450006  0.300005  
1530  0.562534  0.487475  0.337469  
1531  0.525044  0.449992  0.375  
1532  0.562505  0.487474  0.4125  
1533  0.525033  0.449999  0.449997  
1534  0.562537  0.487492  0.48751  
1535  0.525019  0.449999  0.525035  
1536  0.562534  0.487451  0.562524  
1537  0.524993  0.450004  0.599997  
1538  0.562542  0.48748  0.637497  
1539  0.524985  0.450013  0.674971  
1540  0.562503  0.487474  0.712527  
1541  0.525  0.524999  -8.00835e-06  
1542  0.562492  0.562495  0.0375098  
1543  0.524998  0.524984  0.0750084  
1544  0.562525  0.562492  0.112476  
1545  0.524991  0.525018  0.14999  
1546  0.562513  0.562524  0.187479  
1547  0.525002  0.525001  0.224977  
1548  0.562502  0.562522  0.262483  
1549  0.525028  0.525005  0.299986  
1550  0.562539  0.562503  0.337487  
1551  0.525042  0.524976  0.374987  
1552  0.562502  0.56247  0.412475  
1553  0.525033  0.524995  0.449989  
1554  0.562516  0.562498  0.487515  
1555  0.525016  0.52498  0.525002  
1556  0.562513  0.56251  0.562508  
1557  0.525022  0.524973  0.59999  
1558  0.562539  0.562495  0.637479  
1559  0.524994  0.524977  0.674976  
1560  0.562491  0.562483  0.71248  
1561  0.525019  0.6  -2.81966e-05  
1562  0.562501  0.637522  0.037491  
1563  0.524971  0.599987  0.0749846  
1564  0.56249  0.637475  0.112452  
1565  0.524993  0.600013  0.149975  
1566  0.562513  0.637489  0.18749  
1567  0.525016  0.599999  0.224975  
1568  0.562492  0.63749  0.262495  
1569  0.525023  0.600014  0.30004  
1570  0.56251  0.637518  0.337518  
1571  0.524995  0.599969  0.375001  
1572  0.562519  0.637446  0.41252  
1573  0.525011  0.59995  0.449994  
1574  0.562524  0.63751  0.487488  
1575  0.524992  0.599994  0.524991  
1576  0.562496  0.637473  0.562492  
1577  0.525011  0.599957  0.6  
1578  0.562497  0.637525  0.637468  
1579  0.525042  0.600016  0.674975  
1580  0.562524  0.637503  0.712481  
1581  0.524998  0.675031  -1.05578e-05  
1582  0.562494  0.71253  0.0374768  
1583  0.524996  0.675026  0.0749757  
1584  0.562534  0.712524  0.112462  
1585  0.525016  0.67502  0.149958  
1586  0.562524  0.712497  0.187502  
1587  0.525017  0.675008  0.224994  
1588  0.562545  0.712461  0.262516  
1589  0.524995  0.674967  0.30002  
1590  0.562501  0.712464  0.337442  
1591  0.524996  0.675004  0.375039  
1592  0.562524  0.712497  0.41251  
1593  0.525006  0.675005  0.450004  
1594  0.562495  0.712511  0.487506  
1595  0.525014  0.67502  0.525014  
1596  0.562504  0.712525  0.562522  
1597  0.525006  0.674989  0.599964  
1598  0.562509  0.712462  0.637471  
1599  0.525011  0.675013  0.674996  
1600  0.562496  0.712495  0.712502  
1601  0.600008  1.59975e-05  -9.302e-08  
1602  0.637508  0.0375132  0.0375178  
1603  0.599977  1.30112e-05  0.0749799  
1604  0.637527  0.0375001  0.112467  
1605  0.600007  1.37131e-05  0.149998  
1606  0.637502  0.0375335  0.187495  
1607  0.599989  -5.4317e-06  0.22498  
1608  0.637479  0.0374792  0.262482  
1609  0.599984  1.63537e-05  0.299997  
1610  0.637516  0.0374917  0.3375  
1611  0.59997  -2.72542e-05  0.374968  
1612  0.637495  0.0374727  0.412488  
1613  0.599986  -1.59411e-05  0.44999  
1614  0.637458  0.0375121  0.487478  
1615  0.599984  -2.05963e-05  0.524988  
1616  0.637478  0.037501  0.56247  
1617  0.599997  -1.25087e-05  0.600011  
1618  0.637486  0.0375161  0.637464  
1619  0.600001  1.627e-05  0.675016  
1620  0.637452  0.0375076  0.71252  
1621  0.599989  0.0750238  -5.09599e-06  
1622  0.637514  0.112496  0.0375218  
1623  0.599981  0.075002  0.0749979  
1624  0.637506  0.112525  0.112482  
1625  0.600011  0.0749984  0.149975  
1626  0.637498  0.112483  0.187511  
1627  0.599984  0.0749928  0.224999  
1628  0.637455  0.112466  0.262514  
1629  0.599978  0.0749788  0.299998  
1630  0.637488  0.112495  0.337487  
1631  0.599974  0.0749534  0.374976  
1632  0.637493  0.112506  0.412495  
1633  0.599993  0.0750057  0.449986  
1634  0.637492  0.11248  0.487512  
1635  0.599962  0.0750204  0.524961  
1636  0.637463  0.112539  0.562493  
1637  0.600006  0.0750445  0.600003  
1638  0.637477  0.112556  0.637512  
1639  0.599995  0.0750124  0.67499  
1640  0.637497  0.112511  0.712478  
1641  0.599988  0.149982  2.08077e-05  
1642  0.637505  0.187514  0.0374968  
1643  0.599998  0.150006  0.0749881  
1644  0.63751  0.18748  0.112524  
1645  0.599998  0.149982  0.150002  
1646  0.637489  0.187501  0.187486  
1647  0.599981  0.149996  0.22499  
1648  0.637474  0.187527  0.262485  
1649  0.599988  0.150002  0.299983  
1650  0.63749  0.187475  0.337499  
1651  0.599975  0.149986  0.375004  
1652  0.63753  0.187501  0.412491  
1653  0.600012  0.150018  0.449995  
1654  0.637576  0.187465  0.487496  
1655  0.599981  0.149986  0.524989  
1656  0.637518  0.187518  0.562487  
1657  0.599962  0.15004  0.599975  
1658  0.637488  0.187514  0.637487  
1659  0.599982  0.14999  0.675013  
1660  0.637474  0.187488  0.712479  
1661  0.599978  0.225012  -2.60292e-05  
1662  0.637521  0.262485  0.0374857  
1663  0.600026  0.224999  0.0749868  
1664  0.637491  0.262468  0.1125  
1665  0.599983  0.225032  0.150002  
1666  0.637506  0.262533  0.187533  
1667  0.599981  0.225004  0.22499  
1668  0.637454  0.262493  0.26251  
1669  0.599957  0.225008  0.299993  
1670  0.63751  0.262471  0.337504  
1671  0.599963  0.225012  0.375007  
1672  0.63754  0.262462  0.412473  
1673  0.600019  0.224995  0.450018  
1674  0.637525  0.262528  0.487484  
1675  0.600017  0.224985  0.524999  
1676  0.637517  0.262547  0.562549  
1677  0.599984  0.224995  0.600005  
1678  0.637504  0.26251  0.637512  
1679  0.599974  0.225015  0.675024  
1680  0.637508  0.262516  0.712479  
1681  0.600015  0.299984  -8.5421e-06  
1682  0.637486  0.337519  0.0375082  
1683  0.599998  0.299978  0.0750057  
1684  0.637513  0.337529  0.11248  
1685  0.599989  0.300031  0.150009  
1686  0.637499  0.337495  0.187536  
1687  0.600008  0.300022  0.225034  
1688  0.637501  0.33756  0.262516  
1689  0.599997  0.300005  0.300021  
1690  0.63754  0.337527  0.337509  
1691  0.600013  0.300003  0.375009  
1692  0.637544  0.337523  0.412528  
1693  0.599997  0.300007  0.449972  
1694  0.637528  0.337519  0.487493  
1695  0.600007  0.299991  0.524986  
1696  0.637519  0.33745  0.562513  
1697  0.599984  0.299972  0.6  
1698  0.637501  0.337472  0.637502  
1699  0.599983  0.300009  0.67502  
1700  0.637479  0.337522  0.712486  
1701  0.599987  0.375003  9.4825e-08  
1702  0.637486  0.412494  0.037517  
1703  0.599999  0.375009  0.0750064  
1704  0.637523  0.412498  0.112539  
1705  0.600024  0.374989  0.149997  
1706  0.637541  0.412524  0.187526  
1707  0.599997  0.37505  0.225028  
1708  0.637478  0.412518  0.2625  
1709  0.600003  0.37501  0.300034  
1710  0.637551  0.412501  0.337507  
1711  0.600026  0.374987  0.375  
1712  0.637566  0.412479  0.412475  
1713  0.6  0.374998  0.450023  
1714  0.637529  0.412491  0.487501  
1715  0.60002  0.374994  0.525016  
1716  0.637495  0.412488  0.562534  
1717  0.600031  0.374971  0.600002  
1718  0.637506  0.412516  0.637504  
1719  0.600006  0.374998  0.674987  
1720  0.637542  0.412456  0.712516  
1721  0.600027  0.449986  4.18695e-06  
1722  0.637536  0.487489  0.0375166  
1723  0.60003  0.450028  0.0750259  
1724  0.637498  0.487531  0.112509  
1725  0.59997  0.449991  0.150037  
1726  0.63752  0.487514  0.187551  
1727  0.600004  0.450013  0.224998  
1728  0.637545  0.487506  0.262498  
1729  0.600012  0.450002  0.300003  
1730  0.637525  0.48748  0.33755  
1731  0.600029  0.449985  0.375021  
1732  0.637525  0.487478  0.412471  
1733  0.600043  0.449984  0.449992  
1734  0.637506  0.487502  0.487511  
1735  0.600023  0.449982  0.524984  
1736  0.637444  0.487442  0.562511  
1737  0.600005  0.449958  0.600016  
1738  0.637495  0.487477  0.637478  
1739  0.600006  0.449979  0.675033  
1740  0.63753  0.487483  0.712515  
1741  0.6  0.524992  -5.11828e-06  
1742  0.637518  0.56253  0.0374802  
1743  0.600001  0.524995  0.0749825  
1744  0.637482  0.562521  0.112487  
1745  0.600024  0.524999  0.150032  
1746  0.637489  0.562571  0.187539  
1747  0.600013  0.524982  0.225012  
1748  0.637513  0.562493  0.262494  
1749  0.600032  0.525  0.299994  
1750  0.637523  0.562472  0.337516  
1751  0.600004  0.524985  0.375  
1752  0.637514  0.562503  0.412483  
1753  0.599982  0.524997  0.449986  
1754  0.637452  0.562504  0.487503  
1755  0.599999  0.524998  0.525006  
1756  0.637493  0.562523  0.562482  
1757  0.600012  0.524984  0.599993  
1758  0.637537  0.562487  0.637471  
1759  0.600009  0.524986  0.675008  
1760  0.637543  0.562488  0.712504  
1761  0.599995  0.599993  -1.59708e-05  
1762  0.637496  0.637532  0.0374685  
1763  0.599997  0.600006  0.0749677  
1764  0.637508  0.637518  0.112506  
1765  0.599998  0.60002  0.149978  
1766  0.63754  0.637552  0.187506  
1767  0.600044  0.600025  0.22501  
1768  0.637505  0.637533  0.262528  
1769  0.600015  0.599992  0.300001  
1770  0.637504  0.637508  0.337508  
1771  0.600022  0.599991  0.374991  
1772  0.637501  0.637528  0.412476  
1773  0.599999  0.599979  0.449986  
1774  0.637487  0.637533  0.487503  
1775  0.600002  0.600023  0.524996  
1776  0.63751  0.637511  0.562493  
1777  0.600016  0.599979  0.599985  
1778  0.637485  0.637474  0.637502  
1779  0.60003  0.599989  0.675  
1780  0.637487  0.637484  0.71249  
1781  0.599984  0.674994  -1.51382e-05  
1782  0.637492  0.712482  0.0374899  
1783  0.599988  0.675002  0.0749818  
1784  0.637506  0.712491  0.112448  
1785  0.599979  0.675023  0.149979  
1786  0.637545  0.712499  0.187482  
1787  0.60001  0.675026  0.224999  
1788  0.637525  0.712484  0.262508  
1789  0.600023  0.674968  0.30001  
1790  0.637485  0.712484  0.337501  
1791  0.599976  0.674979  0.375004  
1792  0.637486  0.712496  0.41251  
1793  0.599993  0.675003  0.449994  
1794  0.637497  0.712525  0.487466  
1795  0.600005  0.675015  0.525003  
1796  0.63749  0.712535  0.562484  
1797  0.600025  0.67499  0.599994  
1798  0.637506  0.712524  0.637525  
1799  0.60002  0.674998  0.674993  
1800  0.637497  0.712495  0.712501  
1801  0.674977  3.81102e-06  9.83018e-06  
1802  0.712468  0.0374884  0.0375105  
1803  0.675007  -3.07462e-05  0.0749981  
1804  0.712489  0.0374807  0.112495  
1805  0.675007  4.59335e-06  0.149988  
1806  0.71251  0.0375103  0.187516  
1807  0.674999  -3.742e-06  0.224995  
1808  0.712509  0.0374678  0.262483  
1809  0.675006  -7.87402e-06  0.300005  
1810  0.712487  0.0374871  0.337504  
1811  0.674979  -1.50342e-05  0.374996  
1812  0.71248  0.0374763  0.412445  
1813  0.675001  2.81029e-05  0.449991  
1814  0.712521  0.0374847  0.487515  
1815  0.674969  5.50508e-05  0.524954  
1816  0.712512  0.0375262  0.562469  
1817  0.675019  2.0546e-05  0.599968  
1818  0.712516  0.0374862  0.637471  
1819  0.67499  2.21196e-05  0.675017  
1820  0.712515  0.0374844  0.712531  
1821  0.674996  0.0750006  -2.06288e-05  
1822  0.712482  0.112497  0.0374856  
1823  0.675022  0.0750082  0.0750129  
1824  0.71251  0.112474  0.112517  
1825  0.675022  0.0749884  0.150011  
1826  0.712502  0.112458  0.18752  
1827  0.674978  0.0749991  0.224996  
1828  0.712442  0.11252  0.262497  
1829  0.674995  0.0749915  0.299986  
1830  0.712514  0.112476  0.337465  
1831  0.674987  0.0750035  0.374983  
1832  0.712468  0.112499  0.412484  
1833  0.674983  0.0749859  0.449975  
1834  0.712502  0.112505  0.487495  
1835  0.674996  0.0749988  0.524987  
1836  0.712511  0.112533  0.562464  
1837  0.67501  0.0750157  0.599988  
1838  0.712507  0.112526  0.637521  
1839  0.675029  0.0749943  0.675013  
1840  0.712523  0.112493  0.712526  
1841  0.674999  0.150015  -2.75881e-05  
1842  0.712511  0.187481  0.0375099  
1843  0.675008  0.150002  0.0749853  
1844  0.712499  0.187477  0.112497  
1845  0.675011  0.149984  0.150017  
1846  0.712518  0.187516  0.187485  
1847  0.67497  0.150014  0.224997  
1848  0.712489  0.187504  0.262497  
1849  0.674981  0.150001  0.299984  
1850  0.712495  0.187521  0.337493  
1851  0.675004  0.149977  0.374971  
1852  0.712517  0.187506  0.41247  
1853  0.675025  0.149979  0.449996  
1854  0.712522  0.187489  0.487514  
1855  0.675001  0.150002  0.525026  
1856  0.712479  0.187514  0.562513  
1857  0.674988  0.149979  0.600002  
1858  0.712467  0.187509  0.637468  
1859  0.675004  0.150023  0.67499  
1860  0.712483  0.187534  0.712473  
1861  0.674985  0.225002  -2.665e-06  
1862  0.712478  0.2625  0.0375065  
1863  0.675015  0.225  0.0749946  
1864  0.712501  0.262468  0.112544  
1865  0.674983  0.224979  0.150011  
1866  0.712499  0.262498  0.187453  
1867  0.675012  0.224998  0.224981  
1868  0.712497  0.262512  0.262466  
1869  0.674986  0.225023  0.299959  
1870  0.712501  0.262485  0.337537  
1871  0.674991  0.224985  0.374979  
1872  0.712526  0.262481  0.412468  
1873  0.675029  0.225003  0.450005  
1874  0.712484  0.262492  0.487508  
1875  0.674991  0.225019  0.525013  
1876  0.712492  0.262532  0.56251  
1877  0.675012  0.225025  0.600004  
1878  0.712491  0.262528  0.637519  
1879  0.674992  0.225013  0.674983  
1880  0.712466  0.262506  0.712472  
1881  0.674983  0.300015  1.4433e-06  
1882  0.712526  0.337512  0.0374997  
1883  0.675  0.299995  0.075015  
1884  0.712486  0.3375  0.112534  
1885  0.674978  0.300009  0.149998  
1886  0.712516  0.337518  0.187482  
1887  0.674984  0.299991  0.225016  
1888  0.712515  0.337506  0.262502  
1889  0.675013  0.300006  0.299998  
1890  0.712526  0.337517  0.337492  
1891  0.675012  0.300008  0.374983  
1892  0.712537  0.337526  0.412496  
1893  0.675018  0.299996  0.449957  
1894  0.712532  0.337488  0.487488  
1895  0.675021  0.300003  0.524996  
1896  0.712552  0.337499  0.562496  
1897  0.675035  0.300017  0.600023  
1898  0.712499  0.337491  0.63752  
1899  0.674991  0.300018  0.675  
1900  0.712511  0.337489  0.712518  
1901  0.675013  0.374994  2.30631e-05  
1902  0.712523  0.412486  0.0375141  
1903  0.675013  0.375024  0.0750081  
1904  0.712528  0.412525  0.112519  
1905  0.675019  0.375014  0.150033  
1906  0.712532  0.412505  0.187555  
1907  0.675022  0.375003  0.224984  
1908  0.712524  0.412479  0.262502  
1909  0.675019  0.375004  0.299984  
1910  0.712525  0.412484  0.33749  
1911  0.675023  0.374985  0.375008  
1912  0.712509  0.412493  0.4125  
1913  0.675021  0.374991  0.449995  
1914  0.712496  0.412498  0.487488  
1915  0.675013  0.374984  0.525008  
1916  0.712501  0.412468  0.56248  
1917  0.67502  0.374989  0.600014  
1918  0.712531  0.41251  0.637517  
1919  0.675016  0.374979  0.674975  
1920  0.712494  0.412498  0.712513  
1921  0.675008  0.449982  4.79652e-07  
1922  0.712489  0.487471  0.0374639  
1923  0.675001  0.450001  0.0750018  
1924  0.712535  0.487482  0.112535  
1925  0.675014  0.450023  0.15001  
1926  0.712513  0.487459  0.187541  
1927  0.675022  0.450001  0.225057  
1928  0.712514  0.487511  0.262549  
1929  0.675012  0.450025  0.300021  
1930  0.712527  0.487511  0.337519  
1931  0.675056  0.449982  0.374991  
1932  0.712532  0.48748  0.412455  
1933  0.675032  0.450016  0.450006  
1934  0.712522  0.48748  0.48746  
1935  0.674996  0.449953  0.525002  
1936  0.712485  0.487484  0.56245  
1937  0.67501  0.449966  0.600011  
1938  0.712492  0.487478  0.637533  
1939  0.674986  0.449975  0.675011  
1940  0.712525  0.487487  0.712494  
1941  0.675015  0.525  2.77098e-05  
1942  0.712509  0.562535  0.0375007  
1943  0.675022  0.525002  0.075039  
1944  0.712516  0.562492  0.112516  
1945  0.674984  0.525011  0.150026  
1946  0.712518  0.562473  0.187518  
1947  0.67504  0.525015  0.225  
1948  0.712532  0.5625  0.262498  
1949  0.675022  0.525016  0.300027  
1950  0.712516  0.562494  0.337502  
1951  0.675033  0.525  0.375016  
1952  0.712502  0.562507  0.412476  
1953  0.674996  0.524991  0.450006  
1954  0.712525  0.562551  0.48751  
1955  0.674998  0.524979  0.52498  
1956  0.712487  0.562495  0.562471  
1957  0.675016  0.524962  0.599972  
1958  0.712512  0.562458  0.637502  
1959  0.675014  0.524979  0.674997  
1960  0.712533  0.562454  0.712521  
1961  0.675002  0.599986  -2.07967e-05  
1962  0.712504  0.637471  0.0374661  
1963  0.674993  0.600002  0.0750084  
1964  0.712504  0.637497  0.112515  
1965  0.675003  0.600007  0.150031  
1966  0.712539  0.637498  0.187493  
1967  0.675024  0.600024  0.225005  
1968  0.712542  0.637509  0.262539  
1969  0.675004  0.600008  0.299989  
1970  0.712508  0.637511  0.337497  
1971  0.675021  0.599994  0.37498  
1972  0.71253  0.63752  0.412508  
1973  0.674997  0.600032  0.449978  
1974  0.712536  0.637517  0.487489  
1975  0.674992  0.600017  0.524988  
1976  0.712502  0.637508  0.562494  
1977  0.675029  0.600005  0.600007  
1978  0.712506  0.637497  0.637525  
1979  0.675023  0.599993  0.675027  
1980  0.712483  0.637512  0.712499  
1981  0.675009  0.674999  -2.30741e-05  
1982  0.7125  0.712469  0.0375158  
1983  0.675023  0.674973  0.0749896  
1984  0.712503  0.71246  0.11249  
1985  0.674986  0.675011  0.14999  
1986  0.712497  0.712473  0.187485  
1987  0.67504  0.674987  0.225017  
1988  0.712507  0.71248  0.262536  
1989  0.675014  0.67499  0.300029  
1990  0.712477  0.712513  0.337504  
1991  0.675009  0.675  0.37502  
1992  0.712493  0.71251  0.412535  
1993  0.675012  0.67501  0.450007  
1994  0.712486  0.712538  0.487504  
1995  0.67501  0.675045  0.524981  
1996  0.712506  0.71253  0.562443  
1997  0.674997  0.675034  0.599997  
1998  0.712495  0.712512  0.637523  
1999  0.674983  0.675013  0.674988  
2000  0.712516  0.712495  0.712501  
